<?xml version="1.0" encoding="UTF-8"?>
<testng-results ignored="0" total="1" passed="1" failed="0" skipped="0">
  <reporter-output>
  </reporter-output>
  <suite started-at="2023-08-14T10:11:19 AEST" name="Default suite" finished-at="2023-08-14T10:11:41 AEST" duration-ms="22579">
    <groups>
    </groups>
    <test started-at="2023-08-14T10:11:19 AEST" name="Default test" finished-at="2023-08-14T10:11:41 AEST" duration-ms="22579">
      <class name="com.healthcare.executepageclasses.PatientPageTestClass">
        <test-method is-config="true" signature="beforeMethod()[pri:0, instance:com.healthcare.executepageclasses.PatientPageTestClass@353352b6]" started-at="2023-08-14T10:11:19 AEST" name="beforeMethod" finished-at="2023-08-14T10:11:24 AEST" duration-ms="4960" status="PASS">
          <reporter-output>
          </reporter-output>
        </test-method> <!-- beforeMethod -->
        <test-method signature="verifyAllAddVitalDetailsOfRegisteredPatient(java.lang.String,java.lang.String)[pri:0, instance:com.healthcare.executepageclasses.PatientPageTestClass@353352b6]" started-at="2023-08-14T10:11:24 AEST" name="verifyAllAddVitalDetailsOfRegisteredPatient" data-provider="dp" finished-at="2023-08-14T10:11:41 AEST" duration-ms="17256" status="PASS">
          <params>
            <param index="0">
              <value>
                <![CDATA[admin]]>
              </value>
            </param>
            <param index="1">
              <value>
                <![CDATA[Admin123]]>
              </value>
            </param>
          </params>
          <reporter-output>
          </reporter-output>
        </test-method> <!-- verifyAllAddVitalDetailsOfRegisteredPatient -->
        <test-method is-config="true" signature="afterMethod()[pri:0, instance:com.healthcare.executepageclasses.PatientPageTestClass@353352b6]" started-at="2023-08-14T10:11:41 AEST" name="afterMethod" finished-at="2023-08-14T10:11:41 AEST" duration-ms="0" status="PASS">
          <reporter-output>
          </reporter-output>
        </test-method> <!-- afterMethod -->
      </class> <!-- com.healthcare.executepageclasses.PatientPageTestClass -->
    </test> <!-- Default test -->
  </suite> <!-- Default suite -->
</testng-results>
