<?xml version="1.0" encoding="UTF-8"?>
<!-- Generated by org.testng.reporters.JUnitXMLReporter -->
<testsuite ignored="0" hostname="SM-MBP.local" failures="0" tests="2" name="ChromeTest" time="51.476" errors="0" timestamp="2023-08-26T09:38:57 AEST">
  <testcase classname="com.healthcare.executepageclasses.ActiveVisitsTestClass" name="verifyThePatientIsInActiveVisitsWhenVisitStarts" time="25.63"/>
  <testcase classname="com.healthcare.executepageclasses.ActiveVisitsTestClass" name="verifyThePatientIsNotDisplayedInActiveVisitsWhenVisitNotStarted" time="13.294"/>
</testsuite> <!-- ChromeTest -->
