<?xml version="1.0" encoding="UTF-8"?>
<!-- Generated by org.testng.reporters.JUnitXMLReporter -->
<testsuite ignored="4" hostname="SM-MBP.local" failures="0" tests="15" name="ChromeTest" time="235.543" errors="0" timestamp="2023-08-26T09:43:12 AEST">
  <testcase classname="com.healthcare.executepageclasses.FindAPatientTestClass" name="verifyTheRegisteredPatientIsFoundOrNotInPatientRecordTable" time="14.728"/>
  <testcase classname="com.healthcare.executepageclasses.ActiveVisitsTestClass" name="verifyThePatientIsInActiveVisitsWhenVisitStarts" time="15.745"/>
  <testcase classname="com.healthcare.executepageclasses.ActiveVisitsTestClass" name="verifyThePatientIsNotDisplayedInActiveVisitsWhenVisitNotStarted" time="32.588">
    <skipped/>
  </testcase> <!-- verifyThePatientIsNotDisplayedInActiveVisitsWhenVisitNotStarted -->
  <testcase classname="com.healthcare.executepageclasses.ActiveVisitsTestClass" name="verifyThePatientIsNotDisplayedInActiveVisitsWhenVisitNotStarted" time="32.744">
    <skipped/>
  </testcase> <!-- verifyThePatientIsNotDisplayedInActiveVisitsWhenVisitNotStarted -->
  <testcase classname="com.healthcare.executepageclasses.ActiveVisitsTestClass" name="verifyThePatientIsNotDisplayedInActiveVisitsWhenVisitNotStarted" time="9.499"/>
  <testcase classname="com.healthcare.executepageclasses.RegisterAPatientTestClass" name="verifyToRegisterAPatient" time="12.869"/>
  <testcase classname="com.healthcare.executepageclasses.RegisterAPatientTestClass" name="verifyToDeleteARegisteredPatient" time="15.881"/>
  <testcase classname="com.healthcare.executepageclasses.RegisterAPatientTestClass" name="verifyTheRegisteredPatientIsFoundOrNotInPatientRecordTable" time="19.084"/>
  <testcase classname="com.healthcare.executepageclasses.LoginPageTestClass" name="verifySuccessfulLogin" time="2.007"/>
  <testcase classname="com.healthcare.executepageclasses.LoginPageTestClass" name="verifyTheCorrectSiteIsLoadedWhileHittingTheURL" time="0.016"/>
  <testcase classname="com.healthcare.executepageclasses.LoginPageTestClass" name="verifyUnsuccessfulLogin" time="1.414"/>
  <testcase classname="com.healthcare.executepageclasses.LoginPageTestClass" name="verifyUnsuccessfulLogin" time="1.136"/>
  <testcase classname="com.healthcare.executepageclasses.LoginPageTestClass" name="verifyUnsuccessfulLogin" time="1.711"/>
  <testcase classname="com.healthcare.executepageclasses.HomePageTestClass" name="verifyAllTilesAreDisplayedInHomePage" time="2.115"/>
  <testcase classname="com.healthcare.executepageclasses.HomePageTestClass" name="verifyTheLogoIsDisplayedOrNotInHomePage" time="2.65"/>
  <testcase classname="com.healthcare.executepageclasses.BaseClass" name="@BeforeSuite createExtendReport" time="0.0">
    <ignored/>
  </testcase> <!-- @BeforeSuite createExtendReport -->
  <testcase classname="com.healthcare.executepageclasses.BaseClass" name="@BeforeSuite createExtendReport" time="0.0">
    <ignored/>
  </testcase> <!-- @BeforeSuite createExtendReport -->
  <testcase classname="com.healthcare.executepageclasses.BaseClass" name="@BeforeSuite createExtendReport" time="0.0">
    <ignored/>
  </testcase> <!-- @BeforeSuite createExtendReport -->
  <testcase classname="com.healthcare.executepageclasses.BaseClass" name="@BeforeSuite createExtendReport" time="0.0">
    <ignored/>
  </testcase> <!-- @BeforeSuite createExtendReport -->
</testsuite> <!-- ChromeTest -->
