<?xml version="1.0" encoding="UTF-8"?>
<!-- Generated by org.testng.reporters.JUnitXMLReporter -->
<testsuite ignored="0" hostname="SM-MBP.local" failures="1" tests="1" name="SafariTest" time="7.552" errors="0" timestamp="2023-08-21T18:44:32 AEST">
  <testcase classname="com.healthcare.executepageclasses.CaptureVitalsTestClass" name="verifyAllAddVitalDetailsOfRegisteredPatient" time="0.902">
    <failure type="org.openqa.selenium.NoSuchFrameException" message="Build info: version: &amp;apos;4.10.0&amp;apos;, revision: &amp;apos;c14d967899&amp;apos;
System info: os.name: &amp;apos;Mac OS X&amp;apos;, os.arch: &amp;apos;aarch64&amp;apos;, os.version: &amp;apos;13.3.1&amp;apos;, java.version: &amp;apos;11.0.17&amp;apos;
Driver info: org.openqa.selenium.safari.SafariDriver
Command: [5094A0A1-A834-476D-B09E-1637A0A5C2FB, findElement {using=xpath, value=//a[contains(@id,&amp;apos;referenceapplication-registrati&amp;apos;)]}]
Capabilities {acceptInsecureCerts: false, browserName: Safari, browserVersion: 16.4, platformName: mac, safari:automaticInspection: false, safari:automaticProfiling: false, safari:diagnose: false, safari:platformBuildVersion: 22E261, safari:platformVersion: 13.3.1, safari:useSimulator: false, setWindowRect: true, strictFileInteractability: false, webkit:WebRTC: {DisableICECandidateFiltering: false, DisableInsecureMediaCapture: false}}
Session ID: 5094A0A1-A834-476D-B09E-1637A0A5C2FB">
      <![CDATA[org.openqa.selenium.NoSuchFrameException: Build info: version: '4.10.0', revision: 'c14d967899'
System info: os.name: 'Mac OS X', os.arch: 'aarch64', os.version: '13.3.1', java.version: '11.0.17'
Driver info: org.openqa.selenium.safari.SafariDriver
Command: [5094A0A1-A834-476D-B09E-1637A0A5C2FB, findElement {using=xpath, value=//a[contains(@id,'referenceapplication-registrati')]}]
Capabilities {acceptInsecureCerts: false, browserName: Safari, browserVersion: 16.4, platformName: mac, safari:automaticInspection: false, safari:automaticProfiling: false, safari:diagnose: false, safari:platformBuildVersion: 22E261, safari:platformVersion: 13.3.1, safari:useSimulator: false, setWindowRect: true, strictFileInteractability: false, webkit:WebRTC: {DisableICECandidateFiltering: false, DisableInsecureMediaCapture: false}}
Session ID: 5094A0A1-A834-476D-B09E-1637A0A5C2FB
at org.openqa.selenium.remote.codec.w3c.W3CHttpResponseCodec.createException(W3CHttpResponseCodec.java:199)
at org.openqa.selenium.remote.codec.w3c.W3CHttpResponseCodec.decode(W3CHttpResponseCodec.java:132)
at org.openqa.selenium.remote.codec.w3c.W3CHttpResponseCodec.decode(W3CHttpResponseCodec.java:51)
at org.openqa.selenium.remote.HttpCommandExecutor.execute(HttpCommandExecutor.java:191)
at org.openqa.selenium.remote.service.DriverCommandExecutor.invokeExecute(DriverCommandExecutor.java:196)
at org.openqa.selenium.remote.service.DriverCommandExecutor.execute(DriverCommandExecutor.java:171)
at org.openqa.selenium.remote.RemoteWebDriver.execute(RemoteWebDriver.java:531)
at org.openqa.selenium.remote.ElementLocation$ElementFinder$2.findElement(ElementLocation.java:165)
at org.openqa.selenium.remote.ElementLocation.findElement(ElementLocation.java:59)
at org.openqa.selenium.remote.RemoteWebDriver.findElement(RemoteWebDriver.java:350)
at org.openqa.selenium.remote.RemoteWebDriver.findElement(RemoteWebDriver.java:344)
at org.openqa.selenium.support.pagefactory.DefaultElementLocator.findElement(DefaultElementLocator.java:68)
at org.openqa.selenium.support.pagefactory.internal.LocatingElementHandler.invoke(LocatingElementHandler.java:38)
at com.sun.proxy.$Proxy18.click(Unknown Source)
at utilities.GeneralUtilities.clickOnElement(GeneralUtilities.java:13)
at com.healthcare.pageclasses.HomePageClass.clickOnRegisterAPatient(HomePageClass.java:54)
at com.healthcare.executepageclasses.CaptureVitalsTestClass.verifyAllAddVitalDetailsOfRegisteredPatient(CaptureVitalsTestClass.java:32)
at java.base/java.util.ArrayList.forEach(ArrayList.java:1541)
... Removed 31 stack frames]]>
    </failure>
  </testcase> <!-- verifyAllAddVitalDetailsOfRegisteredPatient -->
</testsuite> <!-- SafariTest -->
