<?xml version="1.0" encoding="UTF-8"?>
<!-- Generated by org.testng.reporters.JUnitXMLReporter -->
<testsuite ignored="0" hostname="SM-MBP.local" failures="1" tests="2" name="Test1" time="7.323" errors="0" timestamp="2023-08-22T21:12:59 AEST">
  <testcase classname="com.healthcare.executepageclasses.HomePageTestClass" name="verifyAllTilesAreDisplayedInHomePage" time="0.0">
    <failure type="java.lang.RuntimeException" message="org.apache.poi.openxml4j.exceptions.NotOfficeXmlFileException: No valid entries or contents found, this is not a valid OOXML (Office Open XML) file">
      <![CDATA[java.lang.RuntimeException: org.apache.poi.openxml4j.exceptions.NotOfficeXmlFileException: No valid entries or contents found, this is not a valid OOXML (Office Open XML) file
at java.base/java.util.ArrayList.forEach(ArrayList.java:1541)
at java.base/java.util.concurrent.FutureTask.run(FutureTask.java:264)
at java.base/java.util.concurrent.ThreadPoolExecutor.runWorker(ThreadPoolExecutor.java:1128)
at java.base/java.util.concurrent.ThreadPoolExecutor$Worker.run(ThreadPoolExecutor.java:628)
at java.base/java.lang.Thread.run(Thread.java:834)
Caused by: org.apache.poi.openxml4j.exceptions.NotOfficeXmlFileException: No valid entries or contents found, this is not a valid OOXML (Office Open XML) file
at org.apache.poi.openxml4j.util.ZipArchiveThresholdInputStream.getNextEntry(ZipArchiveThresholdInputStream.java:156)
at org.apache.poi.openxml4j.util.ZipInputStreamZipEntrySource.<init>(ZipInputStreamZipEntrySource.java:94)
at org.apache.poi.openxml4j.opc.ZipPackage.<init>(ZipPackage.java:132)
at org.apache.poi.openxml4j.opc.OPCPackage.open(OPCPackage.java:319)
at org.apache.poi.ooxml.util.PackageHelper.open(PackageHelper.java:59)
at org.apache.poi.xssf.usermodel.XSSFWorkbook.<init>(XSSFWorkbook.java:290)
at org.apache.poi.xssf.usermodel.XSSFWorkbook.<init>(XSSFWorkbook.java:286)
at utilities.ExcelRead.getStringData(ExcelRead.java:19)
at com.healthcare.executepageclasses.DataProviderLogin.dp(DataProviderLogin.java:18)
... 19 more
Caused by: java.util.zip.ZipException: Unexpected record signature: 0X68736B72
at org.apache.commons.compress.archivers.zip.ZipArchiveInputStream.getNextZipEntry(ZipArchiveInputStream.java:296)
at org.apache.poi.openxml4j.util.ZipArchiveThresholdInputStream.getNextEntry(ZipArchiveThresholdInputStream.java:152)
... 34 more
... Removed 22 stack frames]]>
    </failure>
  </testcase> <!-- verifyAllTilesAreDisplayedInHomePage -->
  <testcase classname="com.healthcare.executepageclasses.HomePageTestClass" name="verifyTheLogoIsDisplayedOrNotInHomePage" time="1.724"/>
</testsuite> <!-- Test1 -->
